# JRE version: Java(TM) SE Runtime Environment (17.0+35) (build 17+35-LTS-2724)
# Java VM: Java HotSpot(TM) 64-Bit Server VM (17+35-LTS-2724, mixed mode, sharing, tiered, compressed oops, compressed class ptrs, g1 gc, windows-amd64)
GC Precious Log:
 CPUs: 8 total, 8 available
 Memory: 7991M
 Large Page Support: Disabled
 NUMA Support: Disabled
 Compressed Oops: Enabled (32-bit)
 Heap Region Size: 1M
 Heap Min Capacity: 8M
 Heap Initial Capacity: 126M
 Heap Max Capacity: 2G
 Pre-touch: Disabled
 Parallel Workers: 8
 Concurrent Workers: 2
 Concurrent Refinement Workers: 8
 Periodic GC: Disabled
Heap:
 garbage-first heap   total 106496K, used 64055K [0x0000000080000000, 0x0000000100000000)
  region size 1024K, 4 young (4096K), 1 survivors (1024K)
 Metaspace       used 64663K, committed 65280K, reserved 479232K
  class space    used 9024K, committed 9280K, reserved 421888K
GC Heap History (20 events):
Event: 36.026 GC heap before
{Heap before GC invocations=17 (full 0):
 garbage-first heap   total 78848K, used 58284K [0x0000000080000000, 0x0000000100000000)
  region size 1024K, 22 young (22528K), 3 survivors (3072K)
 Metaspace       used 53269K, committed 53824K, reserved 471040K
  class space    used 7532K, committed 7808K, reserved 421888K
}
Event: 36.041 GC heap after
{Heap after GC invocations=18 (full 0):
 garbage-first heap   total 78848K, used 42613K [0x0000000080000000, 0x0000000100000000)
  region size 1024K, 2 young (2048K), 2 survivors (2048K)
 Metaspace       used 53269K, committed 53824K, reserved 471040K
  class space    used 7532K, committed 7808K, reserved 421888K
}
Event: 38.349 GC heap before
{Heap before GC invocations=19 (full 0):
 garbage-first heap   total 78848K, used 66165K [0x0000000080000000, 0x0000000100000000)
  region size 1024K, 23 young (23552K), 2 survivors (2048K)
 Metaspace       used 55141K, committed 55680K, reserved 471040K
  class space    used 7698K, committed 7936K, reserved 421888K
}
Event: 38.358 GC heap after
{Heap after GC invocations=20 (full 0):
 garbage-first heap   total 78848K, used 43978K [0x0000000080000000, 0x0000000100000000)
  region size 1024K, 3 young (3072K), 3 survivors (3072K)
 Metaspace       used 55141K, committed 55680K, reserved 471040K
  class space    used 7698K, committed 7936K, reserved 421888K
}
Event: 38.587 GC heap before
{Heap before GC invocations=20 (full 0):
 garbage-first heap   total 78848K, used 49098K [0x0000000080000000, 0x0000000100000000)
  region size 1024K, 9 young (9216K), 3 survivors (3072K)
 Metaspace       used 55216K, committed 55808K, reserved 471040K
  class space    used 7698K, committed 7936K, reserved 421888K
}
Event: 38.592 GC heap after
{Heap after GC invocations=21 (full 0):
 garbage-first heap   total 78848K, used 45426K [0x0000000080000000, 0x0000000100000000)
  region size 1024K, 2 young (2048K), 2 survivors (2048K)
 Metaspace       used 55216K, committed 55808K, reserved 471040K
  class space    used 7698K, committed 7936K, reserved 421888K
}
Event: 39.822 GC heap before
{Heap before GC invocations=22 (full 0):
 garbage-first heap   total 87040K, used 65906K [0x0000000080000000, 0x0000000100000000)
  region size 1024K, 18 young (18432K), 2 survivors (2048K)
 Metaspace       used 57292K, committed 57920K, reserved 479232K
  class space    used 7956K, committed 8256K, reserved 421888K
}
Event: 39.826 GC heap after
{Heap after GC invocations=23 (full 0):
 garbage-first heap   total 87040K, used 49180K [0x0000000080000000, 0x0000000100000000)
  region size 1024K, 2 young (2048K), 2 survivors (2048K)
 Metaspace       used 57292K, committed 57920K, reserved 479232K
  class space    used 7956K, committed 8256K, reserved 421888K
}
Event: 40.218 GC heap before
{Heap before GC invocations=23 (full 0):
 garbage-first heap   total 87040K, used 52252K [0x0000000080000000, 0x0000000100000000)
  region size 1024K, 6 young (6144K), 2 survivors (2048K)
 Metaspace       used 57528K, committed 58176K, reserved 479232K
  class space    used 8000K, committed 8320K, reserved 421888K
}
Event: 40.222 GC heap after
{Heap after GC invocations=24 (full 0):
 garbage-first heap   total 87040K, used 49619K [0x0000000080000000, 0x0000000100000000)
  region size 1024K, 2 young (2048K), 2 survivors (2048K)
 Metaspace       used 57528K, committed 58176K, reserved 479232K
  class space    used 8000K, committed 8320K, reserved 421888K
}
Event: 40.333 GC heap before
{Heap before GC invocations=25 (full 0):
 garbage-first heap   total 91136K, used 53715K [0x0000000080000000, 0x0000000100000000)
  region size 1024K, 3 young (3072K), 2 survivors (2048K)
 Metaspace       used 57528K, committed 58176K, reserved 479232K
  class space    used 8000K, committed 8320K, reserved 421888K
}
Event: 40.338 GC heap after
{Heap after GC invocations=26 (full 0):
 garbage-first heap   total 91136K, used 54254K [0x0000000080000000, 0x0000000100000000)
  region size 1024K, 1 young (1024K), 1 survivors (1024K)
 Metaspace       used 57528K, committed 58176K, reserved 479232K
  class space    used 8000K, committed 8320K, reserved 421888K
}
Event: 41.704 GC heap before
{Heap before GC invocations=27 (full 0):
 garbage-first heap   total 97280K, used 74734K [0x0000000080000000, 0x0000000100000000)
  region size 1024K, 17 young (17408K), 1 survivors (1024K)
 Metaspace       used 58718K, committed 59328K, reserved 479232K
  class space    used 8164K, committed 8448K, reserved 421888K
}
Event: 41.707 GC heap after
{Heap after GC invocations=28 (full 0):
 garbage-first heap   total 97280K, used 59213K [0x0000000080000000, 0x0000000100000000)
  region size 1024K, 2 young (2048K), 2 survivors (2048K)
 Metaspace       used 58718K, committed 59328K, reserved 479232K
  class space    used 8164K, committed 8448K, reserved 421888K
}
Event: 42.745 GC heap before
{Heap before GC invocations=28 (full 0):
 garbage-first heap   total 97280K, used 75597K [0x0000000080000000, 0x0000000100000000)
  region size 1024K, 19 young (19456K), 2 survivors (2048K)
 Metaspace       used 60749K, committed 61376K, reserved 479232K
  class space    used 8436K, committed 8704K, reserved 421888K
}
Event: 42.749 GC heap after
{Heap after GC invocations=29 (full 0):
 garbage-first heap   total 97280K, used 59668K [0x0000000080000000, 0x0000000100000000)
  region size 1024K, 2 young (2048K), 2 survivors (2048K)
 Metaspace       used 60749K, committed 61376K, reserved 479232K
  class space    used 8436K, committed 8704K, reserved 421888K
}
Event: 43.494 GC heap before
{Heap before GC invocations=30 (full 0):
 garbage-first heap   total 104448K, used 76052K [0x0000000080000000, 0x0000000100000000)
  region size 1024K, 19 young (19456K), 2 survivors (2048K)
 Metaspace       used 62353K, committed 62976K, reserved 479232K
  class space    used 8644K, committed 8960K, reserved 421888K
}
Event: 43.500 GC heap after
{Heap after GC invocations=31 (full 0):
 garbage-first heap   total 104448K, used 61169K [0x0000000080000000, 0x0000000100000000)
  region size 1024K, 3 young (3072K), 3 survivors (3072K)
 Metaspace       used 62353K, committed 62976K, reserved 479232K
  class space    used 8644K, committed 8960K, reserved 421888K
}
Event: 44.606 GC heap before
{Heap before GC invocations=31 (full 0):
 garbage-first heap   total 104448K, used 82673K [0x0000000080000000, 0x0000000100000000)
  region size 1024K, 24 young (24576K), 3 survivors (3072K)
 Metaspace       used 64402K, committed 65024K, reserved 479232K
  class space    used 8980K, committed 9216K, reserved 421888K
}
Event: 44.615 GC heap after
{Heap after GC invocations=32 (full 0):
 garbage-first heap   total 104448K, used 62007K [0x0000000080000000, 0x0000000100000000)
  region size 1024K, 1 young (1024K), 1 survivors (1024K)
 Metaspace       used 64402K, committed 65024K, reserved 479232K
  class space    used 8980K, committed 9216K, reserved 421888K
}

