# JRE version: Java(TM) SE Runtime Environment (17.0+35) (build 17+35-LTS-2724)
# Java VM: Java HotSpot(TM) 64-Bit Server VM (17+35-LTS-2724, mixed mode, sharing, tiered, compressed oops, compressed class ptrs, g1 gc, windows-amd64)
GC Precious Log:
 CPUs: 8 total, 8 available
 Memory: 7991M
 Large Page Support: Disabled
 NUMA Support: Disabled
 Compressed Oops: Enabled (32-bit)
 Heap Region Size: 1M
 Heap Min Capacity: 8M
 Heap Initial Capacity: 126M
 Heap Max Capacity: 2G
 Pre-touch: Disabled
 Parallel Workers: 8
 Concurrent Workers: 2
 Concurrent Refinement Workers: 8
 Periodic GC: Disabled
Heap:
 garbage-first heap   total 107520K, used 76056K [0x0000000080000000, 0x0000000100000000)
  region size 1024K, 19 young (19456K), 3 survivors (3072K)
 Metaspace       used 63516K, committed 64192K, reserved 479232K
  class space    used 8850K, committed 9152K, reserved 421888K
GC Heap History (20 events):
Event: 31.491 GC heap before
{Heap before GC invocations=12 (full 0):
 garbage-first heap   total 86016K, used 68262K [0x0000000080000000, 0x0000000100000000)
  region size 1024K, 35 young (35840K), 3 survivors (3072K)
 Metaspace       used 48304K, committed 48832K, reserved 471040K
  class space    used 6731K, committed 6976K, reserved 421888K
}
Event: 31.501 GC heap after
{Heap after GC invocations=13 (full 0):
 garbage-first heap   total 86016K, used 38374K [0x0000000080000000, 0x0000000100000000)
  region size 1024K, 5 young (5120K), 5 survivors (5120K)
 Metaspace       used 48304K, committed 48832K, reserved 471040K
  class space    used 6731K, committed 6976K, reserved 421888K
}
Event: 33.851 GC heap before
{Heap before GC invocations=13 (full 0):
 garbage-first heap   total 86016K, used 67046K [0x0000000080000000, 0x0000000100000000)
  region size 1024K, 33 young (33792K), 5 survivors (5120K)
 Metaspace       used 51249K, committed 51776K, reserved 471040K
  class space    used 7194K, committed 7424K, reserved 421888K
}
Event: 33.873 GC heap after
{Heap after GC invocations=14 (full 0):
 garbage-first heap   total 86016K, used 40526K [0x0000000080000000, 0x0000000100000000)
  region size 1024K, 3 young (3072K), 3 survivors (3072K)
 Metaspace       used 51249K, committed 51776K, reserved 471040K
  class space    used 7194K, committed 7424K, reserved 421888K
}
Event: 34.521 GC heap before
{Heap before GC invocations=14 (full 0):
 garbage-first heap   total 86016K, used 51790K [0x0000000080000000, 0x0000000100000000)
  region size 1024K, 16 young (16384K), 3 survivors (3072K)
 Metaspace       used 52581K, committed 53120K, reserved 471040K
  class space    used 7416K, committed 7680K, reserved 421888K
}
Event: 34.535 GC heap after
{Heap after GC invocations=15 (full 0):
 garbage-first heap   total 86016K, used 41065K [0x0000000080000000, 0x0000000100000000)
  region size 1024K, 1 young (1024K), 1 survivors (1024K)
 Metaspace       used 52581K, committed 53120K, reserved 471040K
  class space    used 7416K, committed 7680K, reserved 421888K
}
Event: 37.563 GC heap before
{Heap before GC invocations=16 (full 0):
 garbage-first heap   total 86016K, used 66665K [0x0000000080000000, 0x0000000100000000)
  region size 1024K, 26 young (26624K), 1 survivors (1024K)
 Metaspace       used 54596K, committed 55232K, reserved 471040K
  class space    used 7589K, committed 7872K, reserved 421888K
}
Event: 37.571 GC heap after
{Heap after GC invocations=17 (full 0):
 garbage-first heap   total 86016K, used 44631K [0x0000000080000000, 0x0000000100000000)
  region size 1024K, 4 young (4096K), 4 survivors (4096K)
 Metaspace       used 54596K, committed 55232K, reserved 471040K
  class space    used 7589K, committed 7872K, reserved 421888K
}
Event: 39.775 GC heap before
{Heap before GC invocations=18 (full 0):
 garbage-first heap   total 86016K, used 71255K [0x0000000080000000, 0x0000000100000000)
  region size 1024K, 26 young (26624K), 4 survivors (4096K)
 Metaspace       used 57089K, committed 57664K, reserved 479232K
  class space    used 7940K, committed 8192K, reserved 421888K
}
Event: 39.785 GC heap after
{Heap after GC invocations=19 (full 0):
 garbage-first heap   total 86016K, used 50444K [0x0000000080000000, 0x0000000100000000)
  region size 1024K, 2 young (2048K), 2 survivors (2048K)
 Metaspace       used 57089K, committed 57664K, reserved 479232K
  class space    used 7940K, committed 8192K, reserved 421888K
}
Event: 39.992 GC heap before
{Heap before GC invocations=19 (full 0):
 garbage-first heap   total 86016K, used 59660K [0x0000000080000000, 0x0000000100000000)
  region size 1024K, 4 young (4096K), 2 survivors (2048K)
 Metaspace       used 57139K, committed 57728K, reserved 479232K
  class space    used 7947K, committed 8192K, reserved 421888K
}
Event: 39.995 GC heap after
{Heap after GC invocations=20 (full 0):
 garbage-first heap   total 86016K, used 60044K [0x0000000080000000, 0x0000000100000000)
  region size 1024K, 1 young (1024K), 1 survivors (1024K)
 Metaspace       used 57139K, committed 57728K, reserved 479232K
  class space    used 7947K, committed 8192K, reserved 421888K
}
Event: 40.607 GC heap before
{Heap before GC invocations=20 (full 0):
 garbage-first heap   total 86016K, used 70284K [0x0000000080000000, 0x0000000100000000)
  region size 1024K, 11 young (11264K), 1 survivors (1024K)
 Metaspace       used 57937K, committed 58560K, reserved 479232K
  class space    used 8050K, committed 8320K, reserved 421888K
}
Event: 40.609 GC heap after
{Heap after GC invocations=21 (full 0):
 garbage-first heap   total 86016K, used 60157K [0x0000000080000000, 0x0000000100000000)
  region size 1024K, 2 young (2048K), 2 survivors (2048K)
 Metaspace       used 57937K, committed 58560K, reserved 479232K
  class space    used 8050K, committed 8320K, reserved 421888K
}
Event: 41.125 GC heap before
{Heap before GC invocations=22 (full 0):
 garbage-first heap   total 104448K, used 69373K [0x0000000080000000, 0x0000000100000000)
  region size 1024K, 12 young (12288K), 2 survivors (2048K)
 Metaspace       used 58835K, committed 59456K, reserved 479232K
  class space    used 8185K, committed 8448K, reserved 421888K
}
Event: 41.128 GC heap after
{Heap after GC invocations=23 (full 0):
 garbage-first heap   total 104448K, used 60448K [0x0000000080000000, 0x0000000100000000)
  region size 1024K, 1 young (1024K), 1 survivors (1024K)
 Metaspace       used 58835K, committed 59456K, reserved 479232K
  class space    used 8185K, committed 8448K, reserved 421888K
}
Event: 41.281 GC heap before
{Heap before GC invocations=23 (full 0):
 garbage-first heap   total 104448K, used 63520K [0x0000000080000000, 0x0000000100000000)
  region size 1024K, 5 young (5120K), 1 survivors (1024K)
 Metaspace       used 59305K, committed 59904K, reserved 479232K
  class space    used 8245K, committed 8512K, reserved 421888K
}
Event: 41.284 GC heap after
{Heap after GC invocations=24 (full 0):
 garbage-first heap   total 104448K, used 60077K [0x0000000080000000, 0x0000000100000000)
  region size 1024K, 1 young (1024K), 1 survivors (1024K)
 Metaspace       used 59305K, committed 59904K, reserved 479232K
  class space    used 8245K, committed 8512K, reserved 421888K
}
Event: 42.241 GC heap before
{Heap before GC invocations=24 (full 0):
 garbage-first heap   total 104448K, used 84653K [0x0000000080000000, 0x0000000100000000)
  region size 1024K, 26 young (26624K), 1 survivors (1024K)
 Metaspace       used 61957K, committed 62656K, reserved 479232K
  class space    used 8589K, committed 8960K, reserved 421888K
}
Event: 42.247 GC heap after
{Heap after GC invocations=25 (full 0):
 garbage-first heap   total 104448K, used 61720K [0x0000000080000000, 0x0000000100000000)
  region size 1024K, 3 young (3072K), 3 survivors (3072K)
 Metaspace       used 61957K, committed 62656K, reserved 479232K
  class space    used 8589K, committed 8960K, reserved 421888K
}

